#-----------------------------------------------------------
# Vivado v2020.1 (64-bit)
# SW Build 2902540 on Wed May 27 19:54:49 MDT 2020
# IP Build 2902112 on Wed May 27 22:43:36 MDT 2020
# Start of session at: Mon Apr 29 16:27:17 2024
# Process ID: 7152
# Current directory: C:/Users/Dell/Desktop/task1_/project_1
# Command line: vivado.exe -gui_launcher_event rodinguilauncherevent800 C:\Users\Dell\Desktop\task1_\project_1\project_1.xpr
# Log file: C:/Users/Dell/Desktop/task1_/project_1/vivado.log
# Journal file: C:/Users/Dell/Desktop/task1_/project_1\vivado.jou
#-----------------------------------------------------------
start_gui
open_project C:/Users/Dell/Desktop/task1_/project_1/project_1.xpr
Scanning sources...
Finished scanning sources
INFO: [IP_Flow 19-234] Refreshing IP repositories
INFO: [IP_Flow 19-1704] No user IP repositories specified
INFO: [IP_Flow 19-2313] Loaded Vivado IP repository 'D:/Vivado/2020.1/data/ip'.
open_project: Time (s): cpu = 00:00:22 ; elapsed = 00:00:13 . Memory (MB): peak = 1273.625 ; gain = 0.000
update_compile_order -fileset sources_1
_1
exit
INFO: [Common 17-206] Exiting Vivado at Mon Apr 29 16:28:31 2024...
